<?xml version="1.0" encoding="UTF-8"?>
<!-- Generated by org.testng.reporters.JUnitReportReporter -->
<testsuite hostname="GWTN141-3" failures="0" tests="6" name="com.saucedemo.utils.TestNGDemo" time="0.070" errors="1" timestamp="2022-01-25T10:51:00 EST" skipped="5">
  <testcase classname="com.saucedemo.utils.TestNGDemo" name="swaglabsDemo_5" time="0.000">
    <skipped/>
  </testcase> <!-- swaglabsDemo_5 -->
  <system-out/>
  <testcase classname="com.saucedemo.utils.TestNGDemo" name="setUpEnvironment" time="0.070">
    <error message="The driver executable does not exist: C:\Users\tevin\OneDrive\Desktop\serenity-project-nameC:\Users\tevin\OneDrive\Desktop\serenity-project-name\Drivers\chromedriver.exe" type="java.lang.IllegalStateException">
      <![CDATA[java.lang.IllegalStateException: The driver executable does not exist: C:\Users\tevin\OneDrive\Desktop\serenity-project-nameC:\Users\tevin\OneDrive\Desktop\serenity-project-name\Drivers\chromedriver.exe
at com.google.common.base.Preconditions.checkState(Preconditions.java:585)
at org.openqa.selenium.remote.service.DriverService.checkExecutable(DriverService.java:146)
at org.openqa.selenium.remote.service.DriverService.findExecutable(DriverService.java:141)
at org.openqa.selenium.chrome.ChromeDriverService.access$000(ChromeDriverService.java:35)
at org.openqa.selenium.chrome.ChromeDriverService$Builder.findDefaultExecutable(ChromeDriverService.java:159)
at org.openqa.selenium.remote.service.DriverService$Builder.build(DriverService.java:355)
at org.openqa.selenium.chrome.ChromeDriverService.createDefaultService(ChromeDriverService.java:94)
at org.openqa.selenium.chrome.ChromeDriver.<init>(ChromeDriver.java:123)
at com.saucedemo.utils.TestNGDemo.setUpEnvironment(TestNGDemo.java:41)
at java.base/jdk.internal.reflect.NativeMethodAccessorImpl.invoke0(Native Method)
at java.base/jdk.internal.reflect.NativeMethodAccessorImpl.invoke(NativeMethodAccessorImpl.java:78)
at java.base/jdk.internal.reflect.DelegatingMethodAccessorImpl.invoke(DelegatingMethodAccessorImpl.java:43)
at java.base/java.lang.reflect.Method.invoke(Method.java:567)
at org.testng.internal.MethodInvocationHelper.invokeMethod(MethodInvocationHelper.java:133)
at org.testng.internal.MethodInvocationHelper.invokeMethodConsideringTimeout(MethodInvocationHelper.java:62)
at org.testng.internal.ConfigInvoker.invokeConfigurationMethod(ConfigInvoker.java:385)
at org.testng.internal.ConfigInvoker.invokeConfigurations(ConfigInvoker.java:321)
at org.testng.TestRunner.invokeTestConfigurations(TestRunner.java:637)
at org.testng.TestRunner.beforeRun(TestRunner.java:627)
at org.testng.TestRunner.run(TestRunner.java:589)
at org.testng.SuiteRunner.runTest(SuiteRunner.java:377)
at org.testng.SuiteRunner.runSequentially(SuiteRunner.java:371)
at org.testng.SuiteRunner.privateRun(SuiteRunner.java:332)
at org.testng.SuiteRunner.run(SuiteRunner.java:276)
at org.testng.SuiteRunnerWorker.runSuite(SuiteRunnerWorker.java:53)
at org.testng.SuiteRunnerWorker.run(SuiteRunnerWorker.java:96)
at org.testng.TestNG.runSuitesSequentially(TestNG.java:1212)
at org.testng.TestNG.runSuitesLocally(TestNG.java:1134)
at org.testng.TestNG.runSuites(TestNG.java:1063)
at org.testng.TestNG.run(TestNG.java:1031)
at org.testng.remote.AbstractRemoteTestNG.run(AbstractRemoteTestNG.java:115)
at org.testng.remote.RemoteTestNG.initAndRun(RemoteTestNG.java:251)
at org.testng.remote.RemoteTestNG.main(RemoteTestNG.java:77)
]]>
    </error>
  </testcase> <!-- setUpEnvironment -->
  <system-out/>
  <testcase classname="com.saucedemo.utils.TestNGDemo" name="swaglabsDemo_4" time="0.000">
    <skipped/>
  </testcase> <!-- swaglabsDemo_4 -->
  <system-out/>
  <testcase classname="com.saucedemo.utils.TestNGDemo" name="swaglabsDemo_2" time="0.000">
    <skipped/>
  </testcase> <!-- swaglabsDemo_2 -->
  <system-out/>
  <testcase classname="com.saucedemo.utils.TestNGDemo" name="swaglabsDemo_1" time="0.000">
    <skipped/>
  </testcase> <!-- swaglabsDemo_1 -->
  <system-out/>
  <testcase classname="com.saucedemo.utils.TestNGDemo" name="swaglabsDemo_3" time="0.000">
    <skipped/>
  </testcase> <!-- swaglabsDemo_3 -->
  <system-out/>
</testsuite> <!-- com.saucedemo.utils.TestNGDemo -->
